app/build/intermediates/manifest_merge_blame_file/debug/manifest-merger-blame-debug-report.txt
1<?xml version="1.0" encoding="utf-8"?>
2<manifest xmlns:android="http://schemas.android.com/apk/res/android"
3    package="com.example.app100"
4    android:versionCode="1"
5    android:versionName="1.0" >
6
7    <uses-sdk
8        android:minSdkVersion="29"
8-->src\main\AndroidManifest.xml
9        android:targetSdkVersion="32" />
9-->src\main\AndroidManifest.xml
10
11    <!-- Although the *SdkVersion is captured in gradle build files, this is required for non gradle builds -->
12    <!-- <uses-sdk android:minSdkVersion="14" /> -->
13    <uses-permission android:name="android.permission.ACCESS_NETWORK_STATE" />
13-->[com.google.firebase:firebase-firestore:24.4.1] AndroidManifest.xml:12:5-79
13-->[com.google.firebase:firebase-firestore:24.4.1] AndroidManifest.xml:12:22-76
14    <uses-permission android:name="android.permission.INTERNET" />
14-->[com.google.firebase:firebase-firestore:24.4.1] AndroidManifest.xml:13:5-67
14-->[com.google.firebase:firebase-firestore:24.4.1] AndroidManifest.xml:13:22-64
15
16    <uses-feature
16-->[com.google.android.gms:play-services-maps:18.1.0] AndroidManifest.xml:26:5-28:35
17        android:glEsVersion="0x00020000"
17-->[com.google.android.gms:play-services-maps:18.1.0] AndroidManifest.xml:27:9-41
18        android:required="true" />
18-->[com.google.android.gms:play-services-maps:18.1.0] AndroidManifest.xml:28:9-32
19
20    <queries>
20-->[com.google.android.gms:play-services-maps:18.1.0] AndroidManifest.xml:30:5-34:15
21
22        <!-- Needs to be explicitly declared on Android R+ -->
23        <package android:name="com.google.android.apps.maps" />
23-->[com.google.android.gms:play-services-maps:18.1.0] AndroidManifest.xml:33:9-64
23-->[com.google.android.gms:play-services-maps:18.1.0] AndroidManifest.xml:33:18-61
24    </queries>
25
26    <uses-permission android:name="android.permission.WAKE_LOCK" />
26-->[com.google.android.gms:play-services-measurement-api:21.2.0] AndroidManifest.xml:24:5-68
26-->[com.google.android.gms:play-services-measurement-api:21.2.0] AndroidManifest.xml:24:22-65
27    <uses-permission android:name="com.google.android.gms.permission.AD_ID" />
27-->[com.google.android.gms:play-services-measurement-api:21.2.0] AndroidManifest.xml:25:5-79
27-->[com.google.android.gms:play-services-measurement-api:21.2.0] AndroidManifest.xml:25:22-76
28    <uses-permission android:name="com.google.android.finsky.permission.BIND_GET_INSTALL_REFERRER_SERVICE" />
28-->[com.google.android.gms:play-services-measurement:21.2.0] AndroidManifest.xml:26:5-110
28-->[com.google.android.gms:play-services-measurement:21.2.0] AndroidManifest.xml:26:22-107
29
30    <application
30-->src\main\AndroidManifest.xml:5:5-50:19
31        android:allowBackup="true"
31-->src\main\AndroidManifest.xml:6:9-35
32        android:appComponentFactory="androidx.core.app.CoreComponentFactory"
32-->[androidx.core:core:1.8.0] AndroidManifest.xml:24:18-86
33        android:dataExtractionRules="@xml/data_extraction_rules"
33-->src\main\AndroidManifest.xml:7:9-65
34        android:debuggable="true"
35        android:extractNativeLibs="false"
36        android:fullBackupContent="@xml/backup_rules"
36-->src\main\AndroidManifest.xml:8:9-54
37        android:icon="@mipmap/ic_launcher"
37-->src\main\AndroidManifest.xml:9:9-43
38        android:label="@string/app_name"
38-->src\main\AndroidManifest.xml:10:9-41
39        android:roundIcon="@mipmap/ic_launcher_round"
39-->src\main\AndroidManifest.xml:11:9-54
40        android:supportsRtl="true"
40-->src\main\AndroidManifest.xml:12:9-35
41        android:testOnly="true"
42        android:theme="@style/Theme.APP100" >
42-->src\main\AndroidManifest.xml:13:9-44
43        <activity
43-->src\main\AndroidManifest.xml:15:9-21:20
44            android:name="com.example.app100.MarkersActivity"
44-->src\main\AndroidManifest.xml:16:13-44
45            android:layout="@layout/activity_markers" >
45-->src\main\AndroidManifest.xml:17:13-54
46            <meta-data
46-->src\main\AndroidManifest.xml:18:13-20:36
47                android:name="android.app.lib_name"
47-->src\main\AndroidManifest.xml:19:17-52
48                android:value="" />
48-->src\main\AndroidManifest.xml:20:17-33
49        </activity>
50
51        <meta-data
51-->src\main\AndroidManifest.xml:23:9-25:71
52            android:name="com.google.android.geo.API_KEY"
52-->src\main\AndroidManifest.xml:24:13-58
53            android:value="AIzaSyDIE5JHJiRYUQXCacSSlBNLTW-Cto6kJS0" />
53-->src\main\AndroidManifest.xml:25:13-68
54
55        <activity
55-->src\main\AndroidManifest.xml:27:9-39:20
56            android:name="com.example.app100.MainActivity"
56-->src\main\AndroidManifest.xml:28:13-41
57            android:exported="true" >
57-->src\main\AndroidManifest.xml:29:13-36
58            <intent-filter>
58-->src\main\AndroidManifest.xml:30:13-34:29
59                <action android:name="android.intent.action.MAIN" />
59-->src\main\AndroidManifest.xml:31:17-69
59-->src\main\AndroidManifest.xml:31:25-66
60
61                <category android:name="android.intent.category.LAUNCHER" />
61-->src\main\AndroidManifest.xml:33:17-77
61-->src\main\AndroidManifest.xml:33:27-74
62            </intent-filter>
63
64            <meta-data
64-->src\main\AndroidManifest.xml:18:13-20:36
65                android:name="android.app.lib_name"
65-->src\main\AndroidManifest.xml:19:17-52
66                android:value="" />
66-->src\main\AndroidManifest.xml:20:17-33
67        </activity>
68        <activity
68-->src\main\AndroidManifest.xml:40:9-48:20
69            android:name="com.example.app100.NewActivity"
69-->src\main\AndroidManifest.xml:41:13-40
70            android:exported="true"
70-->src\main\AndroidManifest.xml:43:13-36
71            android:layout="@layout/activity_new" >
71-->src\main\AndroidManifest.xml:42:13-50
72            <intent-filter>
72-->src\main\AndroidManifest.xml:30:13-34:29
73                <action android:name="android.intent.action.MAIN" />
73-->src\main\AndroidManifest.xml:31:17-69
73-->src\main\AndroidManifest.xml:31:25-66
74
75                <category android:name="android.intent.category.LAUNCHER" />
75-->src\main\AndroidManifest.xml:33:17-77
75-->src\main\AndroidManifest.xml:33:27-74
76            </intent-filter>
77        </activity>
78
79        <meta-data
79-->[com.google.maps.android:android-maps-utils:0.5] AndroidManifest.xml:8:9-10:69
80            android:name="com.google.android.gms.version"
80-->[com.google.maps.android:android-maps-utils:0.5] AndroidManifest.xml:9:13-58
81            android:value="@integer/google_play_services_version" />
81-->[com.google.maps.android:android-maps-utils:0.5] AndroidManifest.xml:10:13-66
82
83        <service
83-->[com.google.firebase:firebase-firestore:24.4.1] AndroidManifest.xml:16:9-22:19
84            android:name="com.google.firebase.components.ComponentDiscoveryService"
84-->[com.google.firebase:firebase-firestore:24.4.1] AndroidManifest.xml:17:13-84
85            android:directBootAware="true"
85-->[com.google.firebase:firebase-common:20.2.0] AndroidManifest.xml:34:13-43
86            android:exported="false" >
86-->[com.google.firebase:firebase-firestore:24.4.1] AndroidManifest.xml:18:13-37
87            <meta-data
87-->[com.google.firebase:firebase-firestore:24.4.1] AndroidManifest.xml:19:13-21:85
88                android:name="com.google.firebase.components:com.google.firebase.firestore.FirestoreRegistrar"
88-->[com.google.firebase:firebase-firestore:24.4.1] AndroidManifest.xml:20:17-111
89                android:value="com.google.firebase.components.ComponentRegistrar" />
89-->[com.google.firebase:firebase-firestore:24.4.1] AndroidManifest.xml:21:17-82
90            <meta-data
90-->[com.google.android.gms:play-services-measurement-api:21.2.0] AndroidManifest.xml:31:13-33:85
91                android:name="com.google.firebase.components:com.google.firebase.analytics.connector.internal.AnalyticsConnectorRegistrar"
91-->[com.google.android.gms:play-services-measurement-api:21.2.0] AndroidManifest.xml:32:17-139
92                android:value="com.google.firebase.components.ComponentRegistrar" />
92-->[com.google.android.gms:play-services-measurement-api:21.2.0] AndroidManifest.xml:33:17-82
93            <meta-data
93-->[com.google.firebase:firebase-installations:17.1.0] AndroidManifest.xml:17:13-19:85
94                android:name="com.google.firebase.components:com.google.firebase.installations.FirebaseInstallationsRegistrar"
94-->[com.google.firebase:firebase-installations:17.1.0] AndroidManifest.xml:18:17-127
95                android:value="com.google.firebase.components.ComponentRegistrar" />
95-->[com.google.firebase:firebase-installations:17.1.0] AndroidManifest.xml:19:17-82
96        </service> <!-- Needs to be explicitly declared on P+ -->
97        <uses-library
97-->[com.google.android.gms:play-services-maps:18.1.0] AndroidManifest.xml:39:9-41:40
98            android:name="org.apache.http.legacy"
98-->[com.google.android.gms:play-services-maps:18.1.0] AndroidManifest.xml:40:13-50
99            android:required="false" />
99-->[com.google.android.gms:play-services-maps:18.1.0] AndroidManifest.xml:41:13-37
100
101        <provider
101-->[com.google.firebase:firebase-common:20.2.0] AndroidManifest.xml:25:9-30:39
102            android:name="com.google.firebase.provider.FirebaseInitProvider"
102-->[com.google.firebase:firebase-common:20.2.0] AndroidManifest.xml:26:13-77
103            android:authorities="com.example.app100.firebaseinitprovider"
103-->[com.google.firebase:firebase-common:20.2.0] AndroidManifest.xml:27:13-72
104            android:directBootAware="true"
104-->[com.google.firebase:firebase-common:20.2.0] AndroidManifest.xml:28:13-43
105            android:exported="false"
105-->[com.google.firebase:firebase-common:20.2.0] AndroidManifest.xml:29:13-37
106            android:initOrder="100" />
106-->[com.google.firebase:firebase-common:20.2.0] AndroidManifest.xml:30:13-36
107
108        <activity
108-->[com.google.android.gms:play-services-base:18.0.1] AndroidManifest.xml:20:9-22:45
109            android:name="com.google.android.gms.common.api.GoogleApiActivity"
109-->[com.google.android.gms:play-services-base:18.0.1] AndroidManifest.xml:20:19-85
110            android:exported="false"
110-->[com.google.android.gms:play-services-base:18.0.1] AndroidManifest.xml:22:19-43
111            android:theme="@android:style/Theme.Translucent.NoTitleBar" />
111-->[com.google.android.gms:play-services-base:18.0.1] AndroidManifest.xml:21:19-78
112
113        <receiver
113-->[com.google.android.gms:play-services-measurement:21.2.0] AndroidManifest.xml:29:9-33:20
114            android:name="com.google.android.gms.measurement.AppMeasurementReceiver"
114-->[com.google.android.gms:play-services-measurement:21.2.0] AndroidManifest.xml:30:13-85
115            android:enabled="true"
115-->[com.google.android.gms:play-services-measurement:21.2.0] AndroidManifest.xml:31:13-35
116            android:exported="false" >
116-->[com.google.android.gms:play-services-measurement:21.2.0] AndroidManifest.xml:32:13-37
117        </receiver>
118
119        <service
119-->[com.google.android.gms:play-services-measurement:21.2.0] AndroidManifest.xml:35:9-38:40
120            android:name="com.google.android.gms.measurement.AppMeasurementService"
120-->[com.google.android.gms:play-services-measurement:21.2.0] AndroidManifest.xml:36:13-84
121            android:enabled="true"
121-->[com.google.android.gms:play-services-measurement:21.2.0] AndroidManifest.xml:37:13-35
122            android:exported="false" />
122-->[com.google.android.gms:play-services-measurement:21.2.0] AndroidManifest.xml:38:13-37
123        <service
123-->[com.google.android.gms:play-services-measurement:21.2.0] AndroidManifest.xml:39:9-43:72
124            android:name="com.google.android.gms.measurement.AppMeasurementJobService"
124-->[com.google.android.gms:play-services-measurement:21.2.0] AndroidManifest.xml:40:13-87
125            android:enabled="true"
125-->[com.google.android.gms:play-services-measurement:21.2.0] AndroidManifest.xml:41:13-35
126            android:exported="false"
126-->[com.google.android.gms:play-services-measurement:21.2.0] AndroidManifest.xml:42:13-37
127            android:permission="android.permission.BIND_JOB_SERVICE" />
127-->[com.google.android.gms:play-services-measurement:21.2.0] AndroidManifest.xml:43:13-69
128
129        <provider
129-->[androidx.emoji2:emoji2:1.2.0] AndroidManifest.xml:24:9-32:20
130            android:name="androidx.startup.InitializationProvider"
130-->[androidx.emoji2:emoji2:1.2.0] AndroidManifest.xml:25:13-67
131            android:authorities="com.example.app100.androidx-startup"
131-->[androidx.emoji2:emoji2:1.2.0] AndroidManifest.xml:26:13-68
132            android:exported="false" >
132-->[androidx.emoji2:emoji2:1.2.0] AndroidManifest.xml:27:13-37
133            <meta-data
133-->[androidx.emoji2:emoji2:1.2.0] AndroidManifest.xml:29:13-31:52
134                android:name="androidx.emoji2.text.EmojiCompatInitializer"
134-->[androidx.emoji2:emoji2:1.2.0] AndroidManifest.xml:30:17-75
135                android:value="androidx.startup" />
135-->[androidx.emoji2:emoji2:1.2.0] AndroidManifest.xml:31:17-49
136            <meta-data
136-->[androidx.lifecycle:lifecycle-process:2.4.1] AndroidManifest.xml:31:13-33:52
137                android:name="androidx.lifecycle.ProcessLifecycleInitializer"
137-->[androidx.lifecycle:lifecycle-process:2.4.1] AndroidManifest.xml:32:17-78
138                android:value="androidx.startup" />
138-->[androidx.lifecycle:lifecycle-process:2.4.1] AndroidManifest.xml:33:17-49
139        </provider>
140    </application>
141
142</manifest>